<html>
<head>
<title>TestNG:  Command line test</title>
<link href="../testng.css" rel="stylesheet" type="text/css" />
<link href="../my-testng.css" rel="stylesheet" type="text/css" />

<style type="text/css">
.log { display: none;} 
.stack-trace { display: none;} 
</style>
<script type="text/javascript">
<!--
function flip(e) {
  current = e.style.display;
  if (current == 'block') {
    e.style.display = 'none';
    return 0;
  }
  else {
    e.style.display = 'block';
    return 1;
  }
}

function toggleBox(szDivId, elem, msg1, msg2)
{
  var res = -1;  if (document.getElementById) {
    res = flip(document.getElementById(szDivId));
  }
  else if (document.all) {
    // this is the way old msie versions work
    res = flip(document.all[szDivId]);
  }
  if(elem) {
    if(res == 0) elem.innerHTML = msg1; else elem.innerHTML = msg2;
  }

}

function toggleAllBoxes() {
  if (document.getElementsByTagName) {
    d = document.getElementsByTagName('div');
    for (i = 0; i < d.length; i++) {
      if (d[i].className == 'log') {
        flip(d[i]);
      }
    }
  }
}

// -->
</script>

</head>
<body>
<h2 align='center'>Command line test</h2><table border='1' align="center">
<tr>
<td>Tests passed/Failed/Skipped:</td><td>17/0/0</td>
</tr><tr>
<td>Started on:</td><td>Wed Nov 30 23:02:47 MSK 2016</td>
</tr>
<tr><td>Total time:</td><td>44 seconds (44082 ms)</td>
</tr><tr>
<td>Included groups:</td><td></td>
</tr><tr>
<td>Excluded groups:</td><td></td>
</tr>
</table><p/>
<small><i>(Hover the method name to see the test class name)</i></small><p/>
<table width='100%' border='1' class='invocation-passed'>
<tr><td colspan='4' align='center'><b>PASSED TESTS</b></td></tr>
<tr><td><b>Test method</b></td>
<td width="30%"><b>Exception</b></td>
<td width="10%"><b>Time (seconds)</b></td>
<td><b>Instance</b></td>
</tr>
<tr>
<td title='CommentingTest.negativeAddEmptyComment()'><b>negativeAddEmptyComment</b><br>Test class: CommentingTest</td>
<td></td>
<td>0</td>
<td>CommentingTest@9fec931</td></tr>
<tr>
<td title='PostingTest.negativeAddEmptyPostFromSubmenu()'><b>negativeAddEmptyPostFromSubmenu</b><br>Test class: PostingTest</td>
<td></td>
<td>3</td>
<td>PostingTest@5cbd159f</td></tr>
<tr>
<td title='AuthorizationTest.negativeAuthorization()'><b>negativeAuthorization</b><br>Test class: AuthorizationTest</td>
<td></td>
<td>1</td>
<td>AuthorizationTest@507d20bb</td></tr>
<tr>
<td title='SearchingTest.negativeCheckSearch()'><b>negativeCheckSearch</b><br>Test class: SearchingTest</td>
<td></td>
<td>1</td>
<td>SearchingTest@2c43eb8</td></tr>
<tr>
<td title='RegistrationTest.negativeRegistration()'><b>negativeRegistration</b><br>Test class: RegistrationTest</td>
<td></td>
<td>0</td>
<td>RegistrationTest@3b05a99b</td></tr>
<tr>
<td title='CommentingTest.positiveAddComment()'><b>positiveAddComment</b><br>Test class: CommentingTest</td>
<td></td>
<td>1</td>
<td>CommentingTest@9fec931</td></tr>
<tr>
<td title='PostingTest.positiveAddPostFromSubmenuWithNewCategory()'><b>positiveAddPostFromSubmenuWithNewCategory</b><br>Test class: PostingTest</td>
<td></td>
<td>2</td>
<td>PostingTest@5cbd159f</td></tr>
<tr>
<td title='PostingTest.positiveAddPostFromSubmenuWithTitle()'><b>positiveAddPostFromSubmenuWithTitle</b><br>Test class: PostingTest</td>
<td></td>
<td>3</td>
<td>PostingTest@5cbd159f</td></tr>
<tr>
<td title='AuthorizationTest.positiveAuthorization()'><b>positiveAuthorization</b><br>Test class: AuthorizationTest</td>
<td></td>
<td>1</td>
<td>AuthorizationTest@507d20bb</td></tr>
<tr>
<td title='CommentingTest.positiveChangeComment()'><b>positiveChangeComment</b><br>Test class: CommentingTest</td>
<td></td>
<td>1</td>
<td>CommentingTest@9fec931</td></tr>
<tr>
<td title='SearchingTest.positiveCheckSearch()'><b>positiveCheckSearch</b><br>Test class: SearchingTest</td>
<td></td>
<td>0</td>
<td>SearchingTest@2c43eb8</td></tr>
<tr>
<td title='CommentingTest.positiveDeleteCancel_Delete()'><b>positiveDeleteCancel_Delete</b><br>Test class: CommentingTest</td>
<td></td>
<td>2</td>
<td>CommentingTest@9fec931</td></tr>
<tr>
<td title='CommentingTest.positiveDeleteComment()'><b>positiveDeleteComment</b><br>Test class: CommentingTest</td>
<td><div><pre>org.openqa.selenium.NoSuchElementException: no such element: Unable to locate element: {&quot;method&quot;:&quot;xpath&quot;,&quot;selector&quot;:&quot;//p[text()=&apos;cBuefgCJohzpgtQ&apos;]/../..&quot;}
  (Session info: chrome=54.0.2840.99)
  (Driver info: chromedriver=2.25.426923 (0390b88869384d6eb0d5d09729679f934aab9eed),platform=Windows NT 6.3.9600 x86_64) (WARNING: The server did not provide any stacktrace information)
Command duration or timeout: 188 milliseconds
For documentation on this error, please visit: http://seleniumhq.org/exceptions/no_such_element.html
Build info: version: &apos;3.0.1&apos;, revision: &apos;1969d75&apos;, time: &apos;2016-10-18 09:49:13 -0700&apos;
System info: host: &apos;KristinaKosko&apos;, ip: &apos;192.168.10.1&apos;, os.name: &apos;Windows 8.1&apos;, os.arch: &apos;amd64&apos;, os.version: &apos;6.3&apos;, java.version: &apos;1.8.0_60&apos;
Driver info: org.openqa.selenium.chrome.ChromeDriver
Capabilities [{applicationCacheEnabled=false, rotatable=false, mobileEmulationEnabled=false, networkConnectionEnabled=false, chrome={chromedriverVersion=2.25.426923 (0390b88869384d6eb0d5d09729679f934aab9eed), userDataDir=c:\Temp\scoped_dir10872_23084}, takesHeapSnapshot=true, pageLoadStrategy=normal, databaseEnabled=false, handlesAlerts=true, hasTouchScreen=false, version=54.0.2840.99, platform=WIN8_1, browserConnectionEnabled=false, nativeEvents=true, acceptSslCerts=true, locationContextEnabled=true, webStorageEnabled=true, browserName=chrome, takesScreenshot=true, javascriptEnabled=true, cssSelectorsEnabled=true}]
Session ID: 7d98d1f39a5f5c8be688248a809bd668
*** Element info: {Using=xpath, value=//p[text()=&apos;cBuefgCJohzpgtQ&apos;]/../..}
	at org.openqa.selenium.remote.ErrorHandler.createThrowable(ErrorHandler.java:216)
	at org.openqa.selenium.remote.ErrorHandler.throwIfResponseFailed(ErrorHandler.java:168)
	at org.openqa.selenium.remote.RemoteWebDriver.execute(RemoteWebDriver.java:635)
	at org.openqa.selenium.remote.RemoteWebDriver.findElement(RemoteWebDriver.java:368)
	at org.openqa.selenium.remote.RemoteWebDriver.findElementByXPath(RemoteWebDriver.java:473)
	at org.openqa.selenium.By$ByXPath.findElement(By.java:361)
	at org.openqa.selenium.remote.RemoteWebDriver.findElement(RemoteWebDriver.java:360)
	at CommentingTest.positiveDeleteComment(CommentingTest.java:125)
... Removed 39 stack frames</pre></div><a href='#' onClick='toggleBox("stack-trace1273783938", this, "Click to show all stack frames", "Click to hide stack frames")'>Click to show all stack frames</a>
<div class='stack-trace' id='stack-trace1273783938'><pre>org.openqa.selenium.NoSuchElementException: no such element: Unable to locate element: {&quot;method&quot;:&quot;xpath&quot;,&quot;selector&quot;:&quot;//p[text()=&apos;cBuefgCJohzpgtQ&apos;]/../..&quot;}
  (Session info: chrome=54.0.2840.99)
  (Driver info: chromedriver=2.25.426923 (0390b88869384d6eb0d5d09729679f934aab9eed),platform=Windows NT 6.3.9600 x86_64) (WARNING: The server did not provide any stacktrace information)
Command duration or timeout: 188 milliseconds
For documentation on this error, please visit: http://seleniumhq.org/exceptions/no_such_element.html
Build info: version: &apos;3.0.1&apos;, revision: &apos;1969d75&apos;, time: &apos;2016-10-18 09:49:13 -0700&apos;
System info: host: &apos;KristinaKosko&apos;, ip: &apos;192.168.10.1&apos;, os.name: &apos;Windows 8.1&apos;, os.arch: &apos;amd64&apos;, os.version: &apos;6.3&apos;, java.version: &apos;1.8.0_60&apos;
Driver info: org.openqa.selenium.chrome.ChromeDriver
Capabilities [{applicationCacheEnabled=false, rotatable=false, mobileEmulationEnabled=false, networkConnectionEnabled=false, chrome={chromedriverVersion=2.25.426923 (0390b88869384d6eb0d5d09729679f934aab9eed), userDataDir=c:\Temp\scoped_dir10872_23084}, takesHeapSnapshot=true, pageLoadStrategy=normal, databaseEnabled=false, handlesAlerts=true, hasTouchScreen=false, version=54.0.2840.99, platform=WIN8_1, browserConnectionEnabled=false, nativeEvents=true, acceptSslCerts=true, locationContextEnabled=true, webStorageEnabled=true, browserName=chrome, takesScreenshot=true, javascriptEnabled=true, cssSelectorsEnabled=true}]
Session ID: 7d98d1f39a5f5c8be688248a809bd668
*** Element info: {Using=xpath, value=//p[text()=&apos;cBuefgCJohzpgtQ&apos;]/../..}
	at sun.reflect.NativeConstructorAccessorImpl.newInstance0(Native Method)
	at sun.reflect.NativeConstructorAccessorImpl.newInstance(NativeConstructorAccessorImpl.java:62)
	at sun.reflect.DelegatingConstructorAccessorImpl.newInstance(DelegatingConstructorAccessorImpl.java:45)
	at java.lang.reflect.Constructor.newInstance(Constructor.java:422)
	at org.openqa.selenium.remote.ErrorHandler.createThrowable(ErrorHandler.java:216)
	at org.openqa.selenium.remote.ErrorHandler.throwIfResponseFailed(ErrorHandler.java:168)
	at org.openqa.selenium.remote.RemoteWebDriver.execute(RemoteWebDriver.java:635)
	at org.openqa.selenium.remote.RemoteWebDriver.findElement(RemoteWebDriver.java:368)
	at org.openqa.selenium.remote.RemoteWebDriver.findElementByXPath(RemoteWebDriver.java:473)
	at org.openqa.selenium.By$ByXPath.findElement(By.java:361)
	at org.openqa.selenium.remote.RemoteWebDriver.findElement(RemoteWebDriver.java:360)
	at CommentingTest.positiveDeleteComment(CommentingTest.java:125)
	at sun.reflect.NativeMethodAccessorImpl.invoke0(Native Method)
	at sun.reflect.NativeMethodAccessorImpl.invoke(NativeMethodAccessorImpl.java:62)
	at sun.reflect.DelegatingMethodAccessorImpl.invoke(DelegatingMethodAccessorImpl.java:43)
	at java.lang.reflect.Method.invoke(Method.java:497)
	at org.testng.internal.MethodInvocationHelper.invokeMethod(MethodInvocationHelper.java:100)
	at org.testng.internal.Invoker.invokeMethod(Invoker.java:646)
	at org.testng.internal.Invoker.invokeTestMethod(Invoker.java:811)
	at org.testng.internal.Invoker.invokeTestMethods(Invoker.java:1137)
	at org.testng.internal.TestMethodWorker.invokeTestMethods(TestMethodWorker.java:129)
	at org.testng.internal.TestMethodWorker.run(TestMethodWorker.java:112)
	at org.testng.TestRunner.privateRun(TestRunner.java:753)
	at org.testng.TestRunner.run(TestRunner.java:607)
	at org.testng.SuiteRunner.runTest(SuiteRunner.java:368)
	at org.testng.SuiteRunner.runSequentially(SuiteRunner.java:363)
	at org.testng.SuiteRunner.privateRun(SuiteRunner.java:321)
	at org.testng.SuiteRunner.run(SuiteRunner.java:270)
	at org.testng.SuiteRunnerWorker.runSuite(SuiteRunnerWorker.java:52)
	at org.testng.SuiteRunnerWorker.run(SuiteRunnerWorker.java:86)
	at org.testng.TestNG.runSuitesSequentially(TestNG.java:1284)
	at org.testng.TestNG.runSuitesLocally(TestNG.java:1209)
	at org.testng.TestNG.runSuites(TestNG.java:1124)
	at org.testng.TestNG.run(TestNG.java:1096)
	at org.apache.maven.surefire.testng.TestNGExecutor.run(TestNGExecutor.java:77)
	at org.apache.maven.surefire.testng.TestNGDirectoryTestSuite.executeMulti(TestNGDirectoryTestSuite.java:189)
	at org.apache.maven.surefire.testng.TestNGDirectoryTestSuite.execute(TestNGDirectoryTestSuite.java:105)
	at org.apache.maven.surefire.testng.TestNGProvider.invoke(TestNGProvider.java:117)
	at sun.reflect.NativeMethodAccessorImpl.invoke0(Native Method)
	at sun.reflect.NativeMethodAccessorImpl.invoke(NativeMethodAccessorImpl.java:62)
	at sun.reflect.DelegatingMethodAccessorImpl.invoke(DelegatingMethodAccessorImpl.java:43)
	at java.lang.reflect.Method.invoke(Method.java:497)
	at org.apache.maven.surefire.util.ReflectionUtils.invokeMethodWithArray2(ReflectionUtils.java:208)
	at org.apache.maven.surefire.booter.ProviderFactory$ProviderProxy.invoke(ProviderFactory.java:158)
	at org.apache.maven.surefire.booter.ProviderFactory.invokeProvider(ProviderFactory.java:86)
	at org.apache.maven.surefire.booter.ForkedBooter.runSuitesInProcess(ForkedBooter.java:153)
	at org.apache.maven.surefire.booter.ForkedBooter.main(ForkedBooter.java:95)
</pre></div></td>
<td>0</td>
<td>CommentingTest@9fec931</td></tr>
<tr>
<td title='AuthorizationTest.positiveIfThereIsAuthorization()'><b>positiveIfThereIsAuthorization</b><br>Test class: AuthorizationTest</td>
<td></td>
<td>0</td>
<td>AuthorizationTest@507d20bb</td></tr>
<tr>
<td title='RegistrationTest.positiveIfThereIsRegistration()'><b>positiveIfThereIsRegistration</b><br>Test class: RegistrationTest</td>
<td></td>
<td>0</td>
<td>RegistrationTest@3b05a99b</td></tr>
<tr>
<td title='AuthorizationTest.positiveLostPassword()'><b>positiveLostPassword</b><br>Test class: AuthorizationTest</td>
<td></td>
<td>0</td>
<td>AuthorizationTest@507d20bb</td></tr>
<tr>
<td title='RegistrationTest.positiveRegistration()'><b>positiveRegistration</b><br>Test class: RegistrationTest</td>
<td></td>
<td>0</td>
<td>RegistrationTest@3b05a99b</td></tr>
</table><p>
</body>
</html>